
Showing logs for build [32mcb-kubecd-environment-pr-5426-2-1[0m stage [32mmeta-pipeline[0m and container [32mstep-credential-initializer-d2c59[0m
{"level":"warn","ts":1568286199.233704,"logger":"fallback-logger","caller":"logging/config.go:69","msg":"Fetch GitHub commit ID from kodata failed: \"ref: refs/heads/master\" is not a valid GitHub commit ID"}
{"level":"info","ts":1568286199.2343025,"logger":"fallback-logger","caller":"creds-init/main.go:40","msg":"Credentials initialized."}

Showing logs for build [32mcb-kubecd-environment-pr-5426-2-1[0m stage [32mmeta-pipeline[0m and container [32mstep-working-dir-initializer-7bn9b[0m
{"level":"warn","ts":1568286200.5523775,"logger":"fallback-logger","caller":"logging/config.go:69","msg":"Fetch GitHub commit ID from kodata failed: open /var/run/ko/HEAD: no such file or directory"}
{"level":"info","ts":1568286200.554232,"logger":"fallback-logger","caller":"bash/main.go:65","msg":"Successfully executed command \"mkdir -p /workspace/source\""}

Showing logs for build [32mcb-kubecd-environment-pr-5426-2-1[0m stage [32mmeta-pipeline[0m and container [32mstep-place-tools[0m

Showing logs for build [32mcb-kubecd-environment-pr-5426-2-1[0m stage [32mmeta-pipeline[0m and container [32mstep-git-source-meta-cb-kubecd-environment-pr-5-b2qpm[0m
{"level":"warn","ts":1568286205.629118,"logger":"fallback-logger","caller":"logging/config.go:69","msg":"Fetch GitHub commit ID from kodata failed: \"ref: refs/heads/master\" is not a valid GitHub commit ID"}
{"level":"info","ts":1568286206.6888478,"logger":"fallback-logger","caller":"git/git.go:102","msg":"Successfully cloned https://github.com/cb-kubecd/environment-pr-5426-21-tekton-gkebdd-staging.git @ 87e0bfbf71765407d78d634438bfc33c6b1fbd00 in path /workspace/source"}

Showing logs for build [32mcb-kubecd-environment-pr-5426-2-1[0m stage [32mmeta-pipeline[0m and container [32mstep-git-merge[0m
Using SHAs from PULL_REFS=master:87e0bfbf71765407d78d634438bfc33c6b1fbd00,1:09955febdc014bdd87cb206bb4260dec81499773
DEBUG: ran git fetch --unshallow origin 09955febdc014bdd87cb206bb4260dec81499773: 87e0bfbf71765407d78d634438bfc33c6b1fbd00: in 
DEBUG: ran git checkout master in 
DEBUG: ran git reset --hard 87e0bfbf71765407d78d634438bfc33c6b1fbd00 in 
DEBUG: ran clean --force -d . in 
DEBUG: ran git merge 09955febdc014bdd87cb206bb4260dec81499773 in 
Merged SHA 09955febdc014bdd87cb206bb4260dec81499773 with commit message 'chore: Promote bdd-spring-1568285950 to version 0.0.1' into base branch master

Showing logs for build [32mcb-kubecd-environment-pr-5426-2-1[0m stage [32mmeta-pipeline[0m and container [32mstep-merge-pull-refs[0m
DEBUG: ran git fetch origin 09955febdc014bdd87cb206bb4260dec81499773: 87e0bfbf71765407d78d634438bfc33c6b1fbd00: in 
DEBUG: Unshallowed git repo in 
DEBUG: ran git checkout master in 
DEBUG: ran git reset --hard 87e0bfbf71765407d78d634438bfc33c6b1fbd00 in 
DEBUG: ran clean --force -d . in 
DEBUG: ran git merge 09955febdc014bdd87cb206bb4260dec81499773 in 
Merged SHA 09955febdc014bdd87cb206bb4260dec81499773 with commit message 'chore: Promote bdd-spring-1568285950 to version 0.0.1' into base branch master

Showing logs for build [32mcb-kubecd-environment-pr-5426-2-1[0m stage [32mmeta-pipeline[0m and container [32mstep-create-effective-pipeline[0m
Deleting and cloning the Jenkins X versions repo
Cloning the Jenkins X versions repo https://github.com/jenkins-x/jenkins-x-versions.git with ref refs/heads/master to /builder/home/.**/jenkins-x-versions
selected pack: /builder/home/.**/draft/packs/github.com/jenkins-x-buildpacks/jenkins-x-kubernetes/packs/environment
Effective pipeline written to jenkins-x-promotion-build-effective.yml

Showing logs for build [32mcb-kubecd-environment-pr-5426-2-1[0m stage [32mmeta-pipeline[0m and container [32mstep-create-tekton-crds[0m
PipelineActivity for cb-kubecd-environment-pr-5426-21-tekton-gkebdd-staging-PR-1-1
Applying changes 
upserted PipelineResource cb-kubecd-environment-pr-5426-2 for the git repository https://github.com/cb-kubecd/environment-pr-5426-21-tekton-gkebdd-staging.git
upserted Task cb-kubecd-environment-pr-5426-2-from-build-pack-1
upserted Pipeline cb-kubecd-environment-pr-5426-2-1
created PipelineRun cb-kubecd-environment-pr-5426-2-1
created PipelineStructure cb-kubecd-environment-pr-5426-2-1

Showing logs for build [32mcb-kubecd-environment-pr-5426-2-1[0m stage [32mfrom-build-pack[0m and container [32mstep-credential-initializer-rcn7d[0m
{"level":"warn","ts":1568286220.1561453,"logger":"fallback-logger","caller":"logging/config.go:69","msg":"Fetch GitHub commit ID from kodata failed: \"ref: refs/heads/master\" is not a valid GitHub commit ID"}
{"level":"info","ts":1568286220.1572337,"logger":"fallback-logger","caller":"creds-init/main.go:40","msg":"Credentials initialized."}

Showing logs for build [32mcb-kubecd-environment-pr-5426-2-1[0m stage [32mfrom-build-pack[0m and container [32mstep-working-dir-initializer-nn8mz[0m
{"level":"warn","ts":1568286221.1623728,"logger":"fallback-logger","caller":"logging/config.go:69","msg":"Fetch GitHub commit ID from kodata failed: open /var/run/ko/HEAD: no such file or directory"}
{"level":"info","ts":1568286221.164169,"logger":"fallback-logger","caller":"bash/main.go:65","msg":"Successfully executed command \"mkdir -p /workspace/source /workspace/source/env\""}

Showing logs for build [32mcb-kubecd-environment-pr-5426-2-1[0m stage [32mfrom-build-pack[0m and container [32mstep-place-tools[0m

Showing logs for build [32mcb-kubecd-environment-pr-5426-2-1[0m stage [32mfrom-build-pack[0m and container [32mstep-git-source-cb-kubecd-environment-pr-5426-2-xgkt8[0m
{"level":"warn","ts":1568286287.324892,"logger":"fallback-logger","caller":"logging/config.go:69","msg":"Fetch GitHub commit ID from kodata failed: \"ref: refs/heads/master\" is not a valid GitHub commit ID"}
{"level":"info","ts":1568286288.4319363,"logger":"fallback-logger","caller":"git/git.go:102","msg":"Successfully cloned https://github.com/cb-kubecd/environment-pr-5426-21-tekton-gkebdd-staging.git @ master in path /workspace/source"}

Showing logs for build [32mcb-kubecd-environment-pr-5426-2-1[0m stage [32mfrom-build-pack[0m and container [32mstep-git-merge[0m
Using SHAs from PULL_REFS=master:87e0bfbf71765407d78d634438bfc33c6b1fbd00,1:09955febdc014bdd87cb206bb4260dec81499773
DEBUG: ran git fetch origin 09955febdc014bdd87cb206bb4260dec81499773: 87e0bfbf71765407d78d634438bfc33c6b1fbd00: in 
DEBUG: Unshallowed git repo in 
DEBUG: ran git checkout master in 
DEBUG: ran git reset --hard 87e0bfbf71765407d78d634438bfc33c6b1fbd00 in 
DEBUG: ran clean --force -d . in 
DEBUG: ran git merge 09955febdc014bdd87cb206bb4260dec81499773 in 
Merged SHA 09955febdc014bdd87cb206bb4260dec81499773 with commit message 'chore: Promote bdd-spring-1568285950 to version 0.0.1' into base branch master

Showing logs for build [32mcb-kubecd-environment-pr-5426-2-1[0m stage [32mfrom-build-pack[0m and container [32mstep-build-helm-build[0m
WARNING: No $CHART_REPOSITORY defined so using the default value of: http://jenkins-x-chartmuseum:8080
Adding missing Helm repo: storage.googleapis.com https://storage.googleapis.com/chartmuseum.jenkins-x.io
Successfully added Helm repository storage.googleapis.com.
Adding missing Helm repo: jenkins-x-chartmuseum http://jenkins-x-chartmuseum:8080
Successfully added Helm repository jenkins-x-chartmuseum.
WARNING: No $CHART_REPOSITORY defined so using the default value of: http://jenkins-x-chartmuseum:8080
Adding missing Helm repo: chartmuseum.jenkins-x.io http://chartmuseum.jenkins-x.io
Successfully added Helm repository chartmuseum.jenkins-x.io.
