
Showing logs for build [32mcb-kubecd-environment-pr-5426-2-rs4bx-1[0m stage [32mmeta-pipeline[0m and container [32mstep-credential-initializer-9ll7q[0m
{"level":"warn","ts":1568286901.3902502,"logger":"fallback-logger","caller":"logging/config.go:69","msg":"Fetch GitHub commit ID from kodata failed: \"ref: refs/heads/master\" is not a valid GitHub commit ID"}
{"level":"info","ts":1568286901.3912015,"logger":"fallback-logger","caller":"creds-init/main.go:40","msg":"Credentials initialized."}

Showing logs for build [32mcb-kubecd-environment-pr-5426-2-rs4bx-1[0m stage [32mmeta-pipeline[0m and container [32mstep-working-dir-initializer-mgrpb[0m
{"level":"warn","ts":1568286902.5782955,"logger":"fallback-logger","caller":"logging/config.go:69","msg":"Fetch GitHub commit ID from kodata failed: open /var/run/ko/HEAD: no such file or directory"}
{"level":"info","ts":1568286902.5916183,"logger":"fallback-logger","caller":"bash/main.go:65","msg":"Successfully executed command \"mkdir -p /workspace/source\""}

Showing logs for build [32mcb-kubecd-environment-pr-5426-2-rs4bx-1[0m stage [32mmeta-pipeline[0m and container [32mstep-place-tools[0m

Showing logs for build [32mcb-kubecd-environment-pr-5426-2-rs4bx-1[0m stage [32mmeta-pipeline[0m and container [32mstep-git-source-meta-cb-kubecd-environment-pr-5-8k7tb[0m
{"level":"warn","ts":1568286908.5369158,"logger":"fallback-logger","caller":"logging/config.go:69","msg":"Fetch GitHub commit ID from kodata failed: \"ref: refs/heads/master\" is not a valid GitHub commit ID"}
{"level":"info","ts":1568286909.6149979,"logger":"fallback-logger","caller":"git/git.go:102","msg":"Successfully cloned https://github.com/cb-kubecd/environment-pr-5426-21-tekton-gkebdd-staging.git @ 4fb3ce7de7de08e535778e6be7fd5bddfc2c653f in path /workspace/source"}

Showing logs for build [32mcb-kubecd-environment-pr-5426-2-rs4bx-1[0m stage [32mmeta-pipeline[0m and container [32mstep-git-merge[0m
Using SHAs from PULL_REFS=master:4fb3ce7de7de08e535778e6be7fd5bddfc2c653f,2:018bf9592cec5f1236de39a8dda14b83740120c0
DEBUG: ran git fetch --unshallow origin 018bf9592cec5f1236de39a8dda14b83740120c0: 4fb3ce7de7de08e535778e6be7fd5bddfc2c653f: in 
DEBUG: ran git checkout master in 
DEBUG: ran git reset --hard 4fb3ce7de7de08e535778e6be7fd5bddfc2c653f in 
DEBUG: ran clean --force -d . in 
DEBUG: ran git merge 018bf9592cec5f1236de39a8dda14b83740120c0 in 
Merged SHA 018bf9592cec5f1236de39a8dda14b83740120c0 with commit message 'chore: Promote bdd-gh-1568286771 to version 0.0.1' into base branch master

Showing logs for build [32mcb-kubecd-environment-pr-5426-2-rs4bx-1[0m stage [32mmeta-pipeline[0m and container [32mstep-merge-pull-refs[0m
DEBUG: ran git fetch origin 018bf9592cec5f1236de39a8dda14b83740120c0: 4fb3ce7de7de08e535778e6be7fd5bddfc2c653f: in 
DEBUG: Unshallowed git repo in 
DEBUG: ran git checkout master in 
DEBUG: ran git reset --hard 4fb3ce7de7de08e535778e6be7fd5bddfc2c653f in 
DEBUG: ran clean --force -d . in 
DEBUG: ran git merge 018bf9592cec5f1236de39a8dda14b83740120c0 in 
Merged SHA 018bf9592cec5f1236de39a8dda14b83740120c0 with commit message 'chore: Promote bdd-gh-1568286771 to version 0.0.1' into base branch master

Showing logs for build [32mcb-kubecd-environment-pr-5426-2-rs4bx-1[0m stage [32mmeta-pipeline[0m and container [32mstep-create-effective-pipeline[0m
Deleting and cloning the Jenkins X versions repo
Cloning the Jenkins X versions repo https://github.com/jenkins-x/jenkins-x-versions.git with ref refs/heads/master to /builder/home/.**/jenkins-x-versions
selected pack: /builder/home/.**/draft/packs/github.com/jenkins-x-buildpacks/jenkins-x-kubernetes/packs/environment
Effective pipeline written to jenkins-x-promotion-build-effective.yml

Showing logs for build [32mcb-kubecd-environment-pr-5426-2-rs4bx-1[0m stage [32mmeta-pipeline[0m and container [32mstep-create-tekton-crds[0m
PipelineActivity for cb-kubecd-environment-pr-5426-21-tekton-gkebdd-staging-PR-2-1
Applying changes 
upserted PipelineResource cb-kubecd-environment-pr-5426-2 for the git repository https://github.com/cb-kubecd/environment-pr-5426-21-tekton-gkebdd-staging.git
upserted Task cb-kubecd-environment-pr-5426-2-rs4bx-from-build-pack-1
upserted Pipeline cb-kubecd-environment-pr-5426-2-rs4bx-1
created PipelineRun cb-kubecd-environment-pr-5426-2-rs4bx-1
created PipelineStructure cb-kubecd-environment-pr-5426-2-rs4bx-1

Showing logs for build [32mcb-kubecd-environment-pr-5426-2-rs4bx-1[0m stage [32mfrom-build-pack[0m and container [32mstep-credential-initializer-vkfh2[0m
{"level":"warn","ts":1568286923.1617956,"logger":"fallback-logger","caller":"logging/config.go:69","msg":"Fetch GitHub commit ID from kodata failed: \"ref: refs/heads/master\" is not a valid GitHub commit ID"}
{"level":"info","ts":1568286923.1624546,"logger":"fallback-logger","caller":"creds-init/main.go:40","msg":"Credentials initialized."}

Showing logs for build [32mcb-kubecd-environment-pr-5426-2-rs4bx-1[0m stage [32mfrom-build-pack[0m and container [32mstep-working-dir-initializer-5hsnw[0m
{"level":"warn","ts":1568286924.5174634,"logger":"fallback-logger","caller":"logging/config.go:69","msg":"Fetch GitHub commit ID from kodata failed: open /var/run/ko/HEAD: no such file or directory"}
{"level":"info","ts":1568286924.518902,"logger":"fallback-logger","caller":"bash/main.go:65","msg":"Successfully executed command \"mkdir -p /workspace/source /workspace/source/env\""}

Showing logs for build [32mcb-kubecd-environment-pr-5426-2-rs4bx-1[0m stage [32mfrom-build-pack[0m and container [32mstep-place-tools[0m

Showing logs for build [32mcb-kubecd-environment-pr-5426-2-rs4bx-1[0m stage [32mfrom-build-pack[0m and container [32mstep-git-source-cb-kubecd-environment-pr-5426-2-z5h4q[0m
{"level":"warn","ts":1568286988.6343963,"logger":"fallback-logger","caller":"logging/config.go:69","msg":"Fetch GitHub commit ID from kodata failed: \"ref: refs/heads/master\" is not a valid GitHub commit ID"}
{"level":"info","ts":1568286989.7408001,"logger":"fallback-logger","caller":"git/git.go:102","msg":"Successfully cloned https://github.com/cb-kubecd/environment-pr-5426-21-tekton-gkebdd-staging.git @ master in path /workspace/source"}

Showing logs for build [32mcb-kubecd-environment-pr-5426-2-rs4bx-1[0m stage [32mfrom-build-pack[0m and container [32mstep-git-merge[0m
Using SHAs from PULL_REFS=master:4fb3ce7de7de08e535778e6be7fd5bddfc2c653f,2:018bf9592cec5f1236de39a8dda14b83740120c0
DEBUG: ran git fetch origin 018bf9592cec5f1236de39a8dda14b83740120c0: 4fb3ce7de7de08e535778e6be7fd5bddfc2c653f: in 
DEBUG: Unshallowed git repo in 
DEBUG: ran git checkout master in 
DEBUG: ran git reset --hard 4fb3ce7de7de08e535778e6be7fd5bddfc2c653f in 
DEBUG: ran clean --force -d . in 
DEBUG: ran git merge 018bf9592cec5f1236de39a8dda14b83740120c0 in 
Merged SHA 018bf9592cec5f1236de39a8dda14b83740120c0 with commit message 'chore: Promote bdd-gh-1568286771 to version 0.0.1' into base branch master

Showing logs for build [32mcb-kubecd-environment-pr-5426-2-rs4bx-1[0m stage [32mfrom-build-pack[0m and container [32mstep-build-helm-build[0m
WARNING: No $CHART_REPOSITORY defined so using the default value of: http://jenkins-x-chartmuseum:8080
Adding missing Helm repo: storage.googleapis.com https://storage.googleapis.com/chartmuseum.jenkins-x.io
Successfully added Helm repository storage.googleapis.com.
Adding missing Helm repo: jenkins-x-chartmuseum http://jenkins-x-chartmuseum:8080
Successfully added Helm repository jenkins-x-chartmuseum.
WARNING: No $CHART_REPOSITORY defined so using the default value of: http://jenkins-x-chartmuseum:8080
Adding missing Helm repo: chartmuseum.jenkins-x.io http://chartmuseum.jenkins-x.io
Successfully added Helm repository chartmuseum.jenkins-x.io.
